<?xml version="1.0" encoding="UTF-8"?>
<testng-results ignored="0" total="1" passed="1" failed="0" skipped="0">
  <reporter-output>
  </reporter-output>
  <suite started-at="2022-11-02T15:55:49 IST" name="Default suite" finished-at="2022-11-02T15:56:23 IST" duration-ms="34243">
    <groups>
    </groups>
    <test started-at="2022-11-02T15:55:49 IST" name="Default test" finished-at="2022-11-02T15:56:23 IST" duration-ms="34243">
      <class name="com.bmwmodels.scripts.TC001">
        <test-method signature="hello()[pri:1, instance:com.bmwmodels.scripts.TC001@6c80d78a]" started-at="2022-11-02T15:55:49 IST" name="hello" finished-at="2022-11-02T15:56:23 IST" duration-ms="34219" status="PASS">
          <reporter-output>
          </reporter-output>
        </test-method> <!-- hello -->
      </class> <!-- com.bmwmodels.scripts.TC001 -->
    </test> <!-- Default test -->
  </suite> <!-- Default suite -->
</testng-results>
